[0.015s] Invoking command in '/home/basmala/ros2_ws/build/turtlesim_controller': CMAKE_PREFIX_PATH=${CMAKE_PREFIX_PATH}:/opt/ros/jazzy DEBUGINFOD_URLS=https://debuginfod.ubuntu.com /usr/bin/cmake --build /home/basmala/ros2_ws/build/turtlesim_controller -- -j20 -l20
[0.062s] -- Found ament_cmake: 2.5.4 (/opt/ros/jazzy/share/ament_cmake/cmake)
[0.425s] -- Found rclcpp: 28.1.12 (/opt/ros/jazzy/share/rclcpp/cmake)
[0.470s] -- Found rosidl_generator_c: 4.6.6 (/opt/ros/jazzy/share/rosidl_generator_c/cmake)
[0.481s] -- Found rosidl_generator_cpp: 4.6.6 (/opt/ros/jazzy/share/rosidl_generator_cpp/cmake)
[0.498s] -- Using all available rosidl_typesupport_c: rosidl_typesupport_fastrtps_c;rosidl_typesupport_introspection_c
[0.524s] -- Using all available rosidl_typesupport_cpp: rosidl_typesupport_fastrtps_cpp;rosidl_typesupport_introspection_cpp
[0.628s] -- Found rmw_implementation_cmake: 7.3.2 (/opt/ros/jazzy/share/rmw_implementation_cmake/cmake)
[0.631s] -- Found rmw_fastrtps_cpp: 8.4.3 (/opt/ros/jazzy/share/rmw_fastrtps_cpp/cmake)
[0.764s] -- Found OpenSSL: /usr/lib/x86_64-linux-gnu/libcrypto.so (found version "3.0.13")  
[0.799s] -- Found FastRTPS: /opt/ros/jazzy/include (Required is at least version "2.13") 
[0.847s] -- Using RMW implementation 'rmw_fastrtps_cpp' as default
[0.942s] -- Found turtlesim: 1.8.3 (/opt/ros/jazzy/share/turtlesim/cmake)
[1.016s] -- Found ament_lint_auto: 0.17.3 (/opt/ros/jazzy/share/ament_lint_auto/cmake)
[1.118s] -- Added test 'cppcheck' to perform static code analysis on C / C++ code
[1.118s] -- Configured cppcheck include dirs: 
[1.118s] -- Configured cppcheck exclude dirs and/or files: 
[1.119s] -- Added test 'lint_cmake' to check CMake code style
[1.120s] -- Added test 'uncrustify' to check C / C++ code style
[1.120s] -- Configured uncrustify additional arguments: 
[1.121s] -- Added test 'xmllint' to check XML markup files
[1.122s] -- Configuring done (1.1s)
[1.138s] -- Generating done (0.0s)
[1.142s] -- Build files have been written to: /home/basmala/ros2_ws/build/turtlesim_controller
[1.189s] [ 50%] [32mBuilding CXX object CMakeFiles/sub.dir/src/sub.cpp.o[0m
[2.973s] [01m[K/home/basmala/ros2_ws/turtlesim_controller/src/sub.cpp:12:35:[m[K [01;31m[Kerror: [m[Kâ€˜[01m[Kturtlesim[m[Kâ€™ does not name a type
[2.973s]    12 |         void topic_callback(const [01;31m[Kturtlesim[m[K::msg::Pose::SharedPtr msg)
[2.973s]       |                                   [01;31m[K^~~~~~~~~[m[K
[2.973s] [01m[K/home/basmala/ros2_ws/turtlesim_controller/src/sub.cpp:12:49:[m[K [01;31m[Kerror: [m[Kexpected unqualified-id before â€˜[01m[K::[m[Kâ€™ token
[2.973s]    12 |         void topic_callback(const turtlesim::msg[01;31m[K::[m[KPose::SharedPtr msg)
[2.973s]       |                                                 [01;31m[K^~[m[K
[2.973s] [01m[K/home/basmala/ros2_ws/turtlesim_controller/src/sub.cpp:12:49:[m[K [01;31m[Kerror: [m[Kexpected â€˜[01m[K)[m[Kâ€™ before â€˜[01m[K::[m[Kâ€™ token
[2.973s]    12 |         void topic_callback[34m[K([m[Kconst turtlesim::msg[01;31m[K:[m[K[32m[K:[m[KPose::SharedPtr msg)
[2.973s]       |                            [34m[K~[m[K                    [01;31m[K^[m[K[32m[K~[m[K
[2.973s]       |                                                 [32m[K)[m[K
[2.978s] [01m[K/home/basmala/ros2_ws/turtlesim_controller/src/sub.cpp:12:46:[m[K [01;31m[Kerror: [m[Kexpected â€˜[01m[K;[m[Kâ€™ at end of member declaration
[2.979s]    12 |         void topic_callback(const turtlesim::[01;31m[Kmsg[m[K::Pose::SharedPtr msg)
[2.979s]       |                                              [01;31m[K^~~[m[K
[2.979s]       |                                                 [32m[K;[m[K
[2.981s] [01m[K/home/basmala/ros2_ws/turtlesim_controller/src/sub.cpp:12:51:[m[K [01;31m[Kerror: [m[Kâ€˜[01m[KPose[m[Kâ€™ in namespace â€˜[01m[K::[m[Kâ€™ does not name a type
[2.981s]    12 |         void topic_callback(const turtlesim::msg::[01;31m[KPose[m[K::SharedPtr msg)
[2.981s]       |                                                   [01;31m[K^~~~[m[K
[2.987s] [01m[K/home/basmala/ros2_ws/turtlesim_controller/src/sub.cpp:17:30:[m[K [01;31m[Kerror: [m[Kâ€˜[01m[Kturtlesim[m[Kâ€™ was not declared in this scope
[2.987s]    17 |         rclcpp::Subscription<[01;31m[Kturtlesim[m[K::msg::Pose>::SharedPtr subscription_;
[2.987s]       |                              [01;31m[K^~~~~~~~~[m[K
[2.987s] [01m[K/home/basmala/ros2_ws/turtlesim_controller/src/sub.cpp:17:50:[m[K [01;31m[Kerror: [m[Ktemplate argument 1 is invalid
[2.987s]    17 |         rclcpp::Subscription<turtlesim::msg::Pose[01;31m[K>[m[K::SharedPtr subscription_;
[2.987s]       |                                                  [01;31m[K^[m[K
[2.987s] [01m[K/home/basmala/ros2_ws/turtlesim_controller/src/sub.cpp:17:50:[m[K [01;31m[Kerror: [m[Ktemplate argument 3 is invalid
[2.987s] [01m[K/home/basmala/ros2_ws/turtlesim_controller/src/sub.cpp:17:50:[m[K [01;31m[Kerror: [m[Ktemplate argument 4 is invalid
[2.987s] [01m[K/home/basmala/ros2_ws/turtlesim_controller/src/sub.cpp:17:50:[m[K [01;31m[Kerror: [m[Ktemplate argument 5 is invalid
[2.987s] [01m[K/home/basmala/ros2_ws/turtlesim_controller/src/sub.cpp:17:53:[m[K [01;31m[Kerror: [m[Kexpected â€˜[01m[K;[m[Kâ€™ at end of member declaration
[2.987s]    17 |         rclcpp::Subscription<turtlesim::msg::Pose>::[01;31m[KSharedPtr[m[K subscription_;
[2.987s]       |                                                     [01;31m[K^~~~~~~~~[m[K
[2.987s]       |                                                              [32m[K;[m[K
[2.989s] [01m[K/home/basmala/ros2_ws/turtlesim_controller/src/sub.cpp:17:63:[m[K [01;31m[Kerror: [m[Kâ€˜[01m[Ksubscription_[m[Kâ€™ does not name a type; did you mean â€˜[01m[Krmw_subscription_t[m[Kâ€™?
[2.989s]    17 |         rclcpp::Subscription<turtlesim::msg::Pose>::SharedPtr [01;31m[Ksubscription_[m[K;
[2.989s]       |                                                               [01;31m[K^~~~~~~~~~~~~[m[K
[2.989s]       |                                                               [32m[Krmw_subscription_t[m[K
[3.000s] [01m[K/home/basmala/ros2_ws/turtlesim_controller/src/sub.cpp:[m[K In constructor â€˜[01m[KMinimalSubscriber::[01;32m[KMinimalSubscriber[m[K()[m[Kâ€™:
[3.000s] [01m[K/home/basmala/ros2_ws/turtlesim_controller/src/sub.cpp:9:9:[m[K [01;31m[Kerror: [m[Kâ€˜[01m[Ksubscription_[m[Kâ€™ was not declared in this scope; did you mean â€˜[01m[Krmw_subscription_t[m[Kâ€™?
[3.000s]     9 |         [01;31m[Ksubscription_[m[K = this->create_subscription<turtlesim::msg::Pose>("turtle1/pose", 10, std::bind(&MinimalSubscriber::topic_callback, this, _1));
[3.000s]       |         [01;31m[K^~~~~~~~~~~~~[m[K
[3.000s]       |         [32m[Krmw_subscription_t[m[K
[3.009s] [01m[K/home/basmala/ros2_ws/turtlesim_controller/src/sub.cpp:9:51:[m[K [01;31m[Kerror: [m[Kâ€˜[01m[Kturtlesim[m[Kâ€™ was not declared in this scope
[3.010s]     9 |         subscription_ = this->create_subscription<[01;31m[Kturtlesim[m[K::msg::Pose>("turtle1/pose", 10, std::bind(&MinimalSubscriber::topic_callback, this, _1));
[3.010s]       |                                                   [01;31m[K^~~~~~~~~[m[K
[3.010s] [01m[K/home/basmala/ros2_ws/turtlesim_controller/src/sub.cpp:9:31:[m[K [01;31m[Kerror: [m[Kparse error in template argument list
[3.010s]     9 |         subscription_ = this->[01;31m[Kcreate_subscription<turtlesim::msg::Pose>[m[K("turtle1/pose", 10, std::bind(&MinimalSubscriber::topic_callback, this, _1));
[3.010s]       |                               [01;31m[K^~~~~~~~~~~~~~~~~~~~~~~~~~~~~~~~~~~~~~~~~[m[K
[3.019s] [01m[K/home/basmala/ros2_ws/turtlesim_controller/src/sub.cpp:9:72:[m[K [01;31m[Kerror: [m[Kno matching function for call to â€˜[01m[KMinimalSubscriber::create_subscription<<expression error> >(const char [13], int, std::_Bind_helper<false, void (MinimalSubscriber::*)(...), MinimalSubscriber*, const std::_Placeholder<1>&>::type)[m[Kâ€™
[3.019s]     9 |         subscription_ = [01;31m[Kthis->create_subscription<turtlesim::msg::Pose>("turtle1/pose", 10, std::bind(&MinimalSubscriber::topic_callback, this, _1))[m[K;
[3.019s]       |                         [01;31m[K~~~~~~~~~~~~~~~~~~~~~~~~~~~~~~~~~~~~~~~~~~~~~~~^~~~~~~~~~~~~~~~~~~~~~~~~~~~~~~~~~~~~~~~~~~~~~~~~~~~~~~~~~~~~~~~~~~~~~~~~~~~~[m[K
[3.019s] In file included from [01m[K/opt/ros/jazzy/include/rclcpp/rclcpp/executors/single_threaded_executor.hpp:28[m[K,
[3.019s]                  from [01m[K/opt/ros/jazzy/include/rclcpp/rclcpp/executors.hpp:22[m[K,
[3.019s]                  from [01m[K/opt/ros/jazzy/include/rclcpp/rclcpp/rclcpp.hpp:172[m[K,
[3.020s]                  from [01m[K/home/basmala/ros2_ws/turtlesim_controller/src/sub.cpp:1[m[K:
[3.020s] [01m[K/opt/ros/jazzy/include/rclcpp/rclcpp/node.hpp:221:3:[m[K [01;36m[Knote: [m[Kcandidate: â€˜[01m[Ktemplate<class MessageT, class CallbackT, class AllocatorT, class SubscriptionT, class MessageMemoryStrategyT> std::shared_ptr<ROSMessageT> rclcpp::Node::[01;32m[Kcreate_subscription[m[K(const std::string&, const rclcpp::QoS&, CallbackT&&, const rclcpp::SubscriptionOptionsWithAllocator<AllocatorT>&, typename MessageMemoryStrategyT::SharedPtr)[m[Kâ€™
[3.020s]   221 |   [01;36m[Kcreate_subscription[m[K(
[3.020s]       |   [01;36m[K^~~~~~~~~~~~~~~~~~~[m[K
[3.020s] [01m[K/opt/ros/jazzy/include/rclcpp/rclcpp/node.hpp:221:3:[m[K [01;36m[Knote: [m[K  template argument deduction/substitution failed:
[3.020s] [01m[K/home/basmala/ros2_ws/turtlesim_controller/src/sub.cpp:9:72:[m[K [01;31m[Kerror: [m[Ktemplate argument 1 is invalid
[3.021s]     9 |         subscription_ = [01;31m[Kthis->create_subscription<turtlesim::msg::Pose>("turtle1/pose", 10, std::bind(&MinimalSubscriber::topic_callback, this, _1))[m[K;
[3.021s]       |                         [01;31m[K~~~~~~~~~~~~~~~~~~~~~~~~~~~~~~~~~~~~~~~~~~~~~~~^~~~~~~~~~~~~~~~~~~~~~~~~~~~~~~~~~~~~~~~~~~~~~~~~~~~~~~~~~~~~~~~~~~~~~~~~~~~~[m[K
[3.729s] gmake[2]: *** [CMakeFiles/sub.dir/build.make:76: CMakeFiles/sub.dir/src/sub.cpp.o] Error 1
[3.730s] gmake[1]: *** [CMakeFiles/Makefile2:137: CMakeFiles/sub.dir/all] Error 2
[3.730s] gmake: *** [Makefile:146: all] Error 2
[3.733s] Invoked command in '/home/basmala/ros2_ws/build/turtlesim_controller' returned '2': CMAKE_PREFIX_PATH=${CMAKE_PREFIX_PATH}:/opt/ros/jazzy DEBUGINFOD_URLS=https://debuginfod.ubuntu.com /usr/bin/cmake --build /home/basmala/ros2_ws/build/turtlesim_controller -- -j20 -l20
