[0.016s] Invoking command in '/home/basmala/ros2_ws/build/turtlesim_controller': CMAKE_PREFIX_PATH=${CMAKE_PREFIX_PATH}:/home/basmala/ros2_ws/install/first_package_python:/opt/ros/jazzy DEBUGINFOD_URLS=https://debuginfod.ubuntu.com /usr/bin/cmake --build /home/basmala/ros2_ws/build/turtlesim_controller -- -j20 -l20
[0.122s] [ 50%] [32mBuilding CXX object CMakeFiles/turtle.dir/src/turtlesim_sub.cpp.o[0m
[2.555s] [01m[K/home/basmala/ros2_ws/turtlesim_controller/src/turtlesim_sub.cpp:15:35:[m[K [01;31m[Kerror: [m[Kâ€˜[01m[Kturtlesim[m[Kâ€™ does not name a type
[2.555s]    15 |         void topic_callback(const [01;31m[Kturtlesim[m[K::msg::Pose::SharedPtr msg)
[2.555s]       |                                   [01;31m[K^~~~~~~~~[m[K
[2.555s] [01m[K/home/basmala/ros2_ws/turtlesim_controller/src/turtlesim_sub.cpp:15:49:[m[K [01;31m[Kerror: [m[Kexpected unqualified-id before â€˜[01m[K::[m[Kâ€™ token
[2.555s]    15 |         void topic_callback(const turtlesim::msg[01;31m[K::[m[KPose::SharedPtr msg)
[2.555s]       |                                                 [01;31m[K^~[m[K
[2.555s] [01m[K/home/basmala/ros2_ws/turtlesim_controller/src/turtlesim_sub.cpp:15:49:[m[K [01;31m[Kerror: [m[Kexpected â€˜[01m[K)[m[Kâ€™ before â€˜[01m[K::[m[Kâ€™ token
[2.555s]    15 |         void topic_callback[34m[K([m[Kconst turtlesim::msg[01;31m[K:[m[K[32m[K:[m[KPose::SharedPtr msg)
[2.555s]       |                            [34m[K~[m[K                    [01;31m[K^[m[K[32m[K~[m[K
[2.555s]       |                                                 [32m[K)[m[K
[2.555s] [01m[K/home/basmala/ros2_ws/turtlesim_controller/src/turtlesim_sub.cpp:15:46:[m[K [01;31m[Kerror: [m[Kexpected â€˜[01m[K;[m[Kâ€™ at end of member declaration
[2.555s]    15 |         void topic_callback(const turtlesim::[01;31m[Kmsg[m[K::Pose::SharedPtr msg)
[2.555s]       |                                              [01;31m[K^~~[m[K
[2.556s]       |                                                 [32m[K;[m[K
[2.557s] [01m[K/home/basmala/ros2_ws/turtlesim_controller/src/turtlesim_sub.cpp:15:51:[m[K [01;31m[Kerror: [m[Kâ€˜[01m[KPose[m[Kâ€™ in namespace â€˜[01m[K::[m[Kâ€™ does not name a type
[2.557s]    15 |         void topic_callback(const turtlesim::msg::[01;31m[KPose[m[K::SharedPtr msg)
[2.557s]       |                                                   [01;31m[K^~~~[m[K
[2.564s] [01m[K/home/basmala/ros2_ws/turtlesim_controller/src/turtlesim_sub.cpp:19:30:[m[K [01;31m[Kerror: [m[Kâ€˜[01m[Kturtlesim[m[Kâ€™ was not declared in this scope
[2.564s]    19 |         rclcpp::Subscription<[01;31m[Kturtlesim[m[K::msg::Pose>::SharedPtr subscription_;
[2.564s]       |                              [01;31m[K^~~~~~~~~[m[K
[2.565s] [01m[K/home/basmala/ros2_ws/turtlesim_controller/src/turtlesim_sub.cpp:19:50:[m[K [01;31m[Kerror: [m[Ktemplate argument 1 is invalid
[2.565s]    19 |         rclcpp::Subscription<turtlesim::msg::Pose[01;31m[K>[m[K::SharedPtr subscription_;
[2.565s]       |                                                  [01;31m[K^[m[K
[2.565s] [01m[K/home/basmala/ros2_ws/turtlesim_controller/src/turtlesim_sub.cpp:19:50:[m[K [01;31m[Kerror: [m[Ktemplate argument 3 is invalid
[2.565s] [01m[K/home/basmala/ros2_ws/turtlesim_controller/src/turtlesim_sub.cpp:19:50:[m[K [01;31m[Kerror: [m[Ktemplate argument 4 is invalid
[2.565s] [01m[K/home/basmala/ros2_ws/turtlesim_controller/src/turtlesim_sub.cpp:19:50:[m[K [01;31m[Kerror: [m[Ktemplate argument 5 is invalid
[2.565s] [01m[K/home/basmala/ros2_ws/turtlesim_controller/src/turtlesim_sub.cpp:19:53:[m[K [01;31m[Kerror: [m[Kexpected â€˜[01m[K;[m[Kâ€™ at end of member declaration
[2.565s]    19 |         rclcpp::Subscription<turtlesim::msg::Pose>::[01;31m[KSharedPtr[m[K subscription_;
[2.565s]       |                                                     [01;31m[K^~~~~~~~~[m[K
[2.565s]       |                                                              [32m[K;[m[K
[2.567s] [01m[K/home/basmala/ros2_ws/turtlesim_controller/src/turtlesim_sub.cpp:19:63:[m[K [01;31m[Kerror: [m[Kâ€˜[01m[Ksubscription_[m[Kâ€™ does not name a type; did you mean â€˜[01m[Krmw_subscription_t[m[Kâ€™?
[2.567s]    19 |         rclcpp::Subscription<turtlesim::msg::Pose>::SharedPtr [01;31m[Ksubscription_[m[K;
[2.567s]       |                                                               [01;31m[K^~~~~~~~~~~~~[m[K
[2.567s]       |                                                               [32m[Krmw_subscription_t[m[K
[2.575s] [01m[K/home/basmala/ros2_ws/turtlesim_controller/src/turtlesim_sub.cpp:[m[K In constructor â€˜[01m[KMinimalSubscriber::[01;32m[KMinimalSubscriber[m[K()[m[Kâ€™:
[2.576s] [01m[K/home/basmala/ros2_ws/turtlesim_controller/src/turtlesim_sub.cpp:12:9:[m[K [01;31m[Kerror: [m[Kâ€˜[01m[Ksubscription_[m[Kâ€™ was not declared in this scope; did you mean â€˜[01m[Krmw_subscription_t[m[Kâ€™?
[2.576s]    12 |         [01;31m[Ksubscription_[m[K = this -> create_subscription<turtlesim::msg::Pose>("turtle1/pose", 10, std::bind(&MinimalSubscriber::topic_callback, this, _1));
[2.576s]       |         [01;31m[K^~~~~~~~~~~~~[m[K
[2.576s]       |         [32m[Krmw_subscription_t[m[K
[2.581s] [01m[K/home/basmala/ros2_ws/turtlesim_controller/src/turtlesim_sub.cpp:12:53:[m[K [01;31m[Kerror: [m[Kâ€˜[01m[Kturtlesim[m[Kâ€™ was not declared in this scope
[2.581s]    12 |         subscription_ = this -> create_subscription<[01;31m[Kturtlesim[m[K::msg::Pose>("turtle1/pose", 10, std::bind(&MinimalSubscriber::topic_callback, this, _1));
[2.581s]       |                                                     [01;31m[K^~~~~~~~~[m[K
[2.581s] [01m[K/home/basmala/ros2_ws/turtlesim_controller/src/turtlesim_sub.cpp:12:33:[m[K [01;31m[Kerror: [m[Kparse error in template argument list
[2.581s]    12 |         subscription_ = this -> [01;31m[Kcreate_subscription<turtlesim::msg::Pose>[m[K("turtle1/pose", 10, std::bind(&MinimalSubscriber::topic_callback, this, _1));
[2.581s]       |                                 [01;31m[K^~~~~~~~~~~~~~~~~~~~~~~~~~~~~~~~~~~~~~~~~[m[K
[2.586s] [01m[K/home/basmala/ros2_ws/turtlesim_controller/src/turtlesim_sub.cpp:12:74:[m[K [01;31m[Kerror: [m[Kno matching function for call to â€˜[01m[KMinimalSubscriber::create_subscription<<expression error> >(const char [13], int, std::_Bind_helper<false, void (MinimalSubscriber::*)(...), MinimalSubscriber*, const std::_Placeholder<1>&>::type)[m[Kâ€™
[2.586s]    12 |         subscription_ = [01;31m[Kthis -> create_subscription<turtlesim::msg::Pose>("turtle1/pose", 10, std::bind(&MinimalSubscriber::topic_callback, this, _1))[m[K;
[2.586s]       |                         [01;31m[K~~~~~~~~~~~~~~~~~~~~~~~~~~~~~~~~~~~~~~~~~~~~~~~~~^~~~~~~~~~~~~~~~~~~~~~~~~~~~~~~~~~~~~~~~~~~~~~~~~~~~~~~~~~~~~~~~~~~~~~~~~~~~~[m[K
[2.586s] In file included from [01m[K/opt/ros/jazzy/include/rclcpp/rclcpp/executors/single_threaded_executor.hpp:28[m[K,
[2.587s]                  from [01m[K/opt/ros/jazzy/include/rclcpp/rclcpp/executors.hpp:22[m[K,
[2.587s]                  from [01m[K/opt/ros/jazzy/include/rclcpp/rclcpp/rclcpp.hpp:172[m[K,
[2.587s]                  from [01m[K/home/basmala/ros2_ws/turtlesim_controller/src/turtlesim_sub.cpp:1[m[K:
[2.587s] [01m[K/opt/ros/jazzy/include/rclcpp/rclcpp/node.hpp:221:3:[m[K [01;36m[Knote: [m[Kcandidate: â€˜[01m[Ktemplate<class MessageT, class CallbackT, class AllocatorT, class SubscriptionT, class MessageMemoryStrategyT> std::shared_ptr<ROSMessageT> rclcpp::Node::[01;32m[Kcreate_subscription[m[K(const std::string&, const rclcpp::QoS&, CallbackT&&, const rclcpp::SubscriptionOptionsWithAllocator<AllocatorT>&, typename MessageMemoryStrategyT::SharedPtr)[m[Kâ€™
[2.587s]   221 |   [01;36m[Kcreate_subscription[m[K(
[2.587s]       |   [01;36m[K^~~~~~~~~~~~~~~~~~~[m[K
[2.587s] [01m[K/opt/ros/jazzy/include/rclcpp/rclcpp/node.hpp:221:3:[m[K [01;36m[Knote: [m[K  template argument deduction/substitution failed:
[2.587s] [01m[K/home/basmala/ros2_ws/turtlesim_controller/src/turtlesim_sub.cpp:12:74:[m[K [01;31m[Kerror: [m[Ktemplate argument 1 is invalid
[2.587s]    12 |         subscription_ = [01;31m[Kthis -> create_subscription<turtlesim::msg::Pose>("turtle1/pose", 10, std::bind(&MinimalSubscriber::topic_callback, this, _1))[m[K;
[2.587s]       |                         [01;31m[K~~~~~~~~~~~~~~~~~~~~~~~~~~~~~~~~~~~~~~~~~~~~~~~~~^~~~~~~~~~~~~~~~~~~~~~~~~~~~~~~~~~~~~~~~~~~~~~~~~~~~~~~~~~~~~~~~~~~~~~~~~~~~~[m[K
[3.190s] gmake[2]: *** [CMakeFiles/turtle.dir/build.make:76: CMakeFiles/turtle.dir/src/turtlesim_sub.cpp.o] Error 1
[3.190s] gmake[1]: *** [CMakeFiles/Makefile2:137: CMakeFiles/turtle.dir/all] Error 2
[3.190s] gmake: *** [Makefile:146: all] Error 2
[3.194s] Invoked command in '/home/basmala/ros2_ws/build/turtlesim_controller' returned '2': CMAKE_PREFIX_PATH=${CMAKE_PREFIX_PATH}:/home/basmala/ros2_ws/install/first_package_python:/opt/ros/jazzy DEBUGINFOD_URLS=https://debuginfod.ubuntu.com /usr/bin/cmake --build /home/basmala/ros2_ws/build/turtlesim_controller -- -j20 -l20
