[01m[K/home/basmala/ros2_ws/turtlesim_controller/src/turtlesim_pub.cpp:2:10:[m[K [01;31m[Kfatal error: [m[Kgeometry_msgs/msg/Twist.hpp: No such file or directory
    2 | #include [01;31m[K"geometry_msgs/msg/Twist.hpp"[m[K
      |          [01;31m[K^~~~~~~~~~~~~~~~~~~~~~~~~~~~~[m[K
compilation terminated.
gmake[2]: *** [CMakeFiles/turtlesim_pub.dir/build.make:76: CMakeFiles/turtlesim_pub.dir/src/turtlesim_pub.cpp.o] Error 1
gmake[1]: *** [CMakeFiles/Makefile2:165: CMakeFiles/turtlesim_pub.dir/all] Error 2
gmake: *** [Makefile:146: all] Error 2
