[0.000000] (-) TimerEvent: {}
[0.000613] (-) JobUnselected: {'identifier': 'first_package_cpp'}
[0.000903] (-) JobUnselected: {'identifier': 'first_package_python'}
[0.000977] (turtlesim_controller) JobQueued: {'identifier': 'turtlesim_controller', 'dependencies': OrderedDict()}
[0.001091] (turtlesim_controller) JobStarted: {'identifier': 'turtlesim_controller'}
[0.012978] (turtlesim_controller) JobProgress: {'identifier': 'turtlesim_controller', 'progress': 'cmake'}
[0.013875] (turtlesim_controller) JobProgress: {'identifier': 'turtlesim_controller', 'progress': 'build'}
[0.015315] (turtlesim_controller) Command: {'cmd': ['/usr/bin/cmake', '--build', '/home/basmala/ros2_ws/build/turtlesim_controller', '--', '-j20', '-l20'], 'cwd': '/home/basmala/ros2_ws/build/turtlesim_controller', 'env': OrderedDict({'GJS_DEBUG_TOPICS': 'JS ERROR;JS LOG', 'PYTHON_BASIC_REPL': '1', 'LESSOPEN': '| /usr/bin/lesspipe %s', 'USER': 'basmala', 'LC_TIME': 'ar_EG.UTF-8', 'FONTCONFIG_PATH': '/etc/fonts', 'GIO_MODULE_DIR': '/home/basmala/snap/code/common/.cache/gio-modules', 'XDG_SESSION_TYPE': 'wayland', 'GIT_ASKPASS': '/snap/code/215/usr/share/code/resources/app/extensions/git/dist/askpass.sh', 'GTK_EXE_PREFIX_VSCODE_SNAP_ORIG': '', 'GDK_BACKEND_VSCODE_SNAP_ORIG': '', 'CLUTTER_DISABLE_MIPMAPPED_TEXT': '1', 'SHLVL': '1', 'LD_LIBRARY_PATH': '/opt/ros/jazzy/opt/rviz_ogre_vendor/lib:/opt/ros/jazzy/lib/x86_64-linux-gnu:/opt/ros/jazzy/opt/gz_math_vendor/lib:/opt/ros/jazzy/opt/gz_utils_vendor/lib:/opt/ros/jazzy/opt/gz_cmake_vendor/lib:/opt/ros/jazzy/lib', 'HOME': '/home/basmala', 'CHROME_DESKTOP': 'code.desktop', 'LOCPATH_VSCODE_SNAP_ORIG': '', 'TERM_PROGRAM_VERSION': '1.106.3', 'DESKTOP_SESSION': 'ubuntu', 'GTK_PATH': '/snap/code/215/usr/lib/x86_64-linux-gnu/gtk-3.0', 'XDG_DATA_HOME_VSCODE_SNAP_ORIG': '', 'GTK_IM_MODULE_FILE': '/home/basmala/snap/code/common/.cache/immodules/immodules.cache', 'GIO_LAUNCHED_DESKTOP_FILE': '/var/lib/snapd/desktop/applications/code_code.desktop', 'ROS_PYTHON_VERSION': '3', 'GNOME_SHELL_SESSION_MODE': 'ubuntu', 'GTK_MODULES': 'gail:atk-bridge', 'GSETTINGS_SCHEMA_DIR_VSCODE_SNAP_ORIG': '', 'VSCODE_GIT_ASKPASS_MAIN': '/snap/code/215/usr/share/code/resources/app/extensions/git/dist/askpass-main.js', 'LC_MONETARY': 'ar_EG.UTF-8', 'VSCODE_GIT_ASKPASS_NODE': '/snap/code/215/usr/share/code/code', 'MANAGERPID': '3499', 'PYDEVD_DISABLE_FILE_VALIDATION': '1', 'SYSTEMD_EXEC_PID': '3794', 'BUNDLED_DEBUGPY_PATH': '/home/basmala/.vscode/extensions/ms-python.debugpy-2025.16.0-linux-x64/bundled/libs/debugpy', 'IM_CONFIG_CHECK_ENV': '1', 'VSCODE_PYTHON_AUTOACTIVATE_GUARD': '1', 'GSM_SKIP_SSH_AGENT_WORKAROUND': 'true', 'DBUS_SESSION_BUS_ADDRESS': 'unix:path=/run/user/1000/bus', 'COLORTERM': 'truecolor', 'GIO_LAUNCHED_DESKTOP_FILE_PID': '4828', 'DEBUGINFOD_URLS': 'https://debuginfod.ubuntu.com', 'IM_CONFIG_PHASE': '1', 'WAYLAND_DISPLAY': 'wayland-0', 'COLCON_PREFIX_PATH': '/home/basmala/ros2_ws/install:/home/basmala/ros2_ws/src/install', 'ROS_DISTRO': 'jazzy', 'LOGNAME': 'basmala', 'JOURNAL_STREAM': '8:34925', '_': '/usr/bin/colcon', 'ROS_VERSION': '2', 'XDG_CONFIG_DIRS_VSCODE_SNAP_ORIG': '/etc/xdg/xdg-ubuntu:/etc/xdg', 'MEMORY_PRESSURE_WATCH': '/sys/fs/cgroup/user.slice/user-1000.slice/user@1000.service/session.slice/org.gnome.Shell@wayland.service/memory.pressure', 'XDG_SESSION_CLASS': 'user', 'XDG_DATA_DIRS_VSCODE_SNAP_ORIG': '/usr/share/ubuntu:/usr/share/gnome:/usr/local/share/:/usr/share/:/var/lib/snapd/desktop', 'USERNAME': 'basmala', 'TERM': 'xterm-256color', 'GNOME_DESKTOP_SESSION_ID': 'this-is-deprecated', 'PATH': '/home/basmala/.local/bin:/opt/ros/jazzy/bin:/home/basmala/.local/bin:/usr/local/sbin:/usr/local/bin:/usr/sbin:/usr/bin:/sbin:/bin:/usr/games:/usr/local/games:/snap/bin:/snap/bin:/home/basmala/.vscode/extensions/ms-python.debugpy-2025.16.0-linux-x64/bundled/scripts/noConfigScripts', 'SESSION_MANAGER': 'local/basmala-Victus-by-HP-Laptop-16-d1xxx:@/tmp/.ICE-unix/3746,unix/basmala-Victus-by-HP-Laptop-16-d1xxx:/tmp/.ICE-unix/3746', 'GTK_EXE_PREFIX': '/snap/code/215/usr', 'INVOCATION_ID': '6b2f62919c3945f7a21a57acd5f08298', 'XDG_MENU_PREFIX': 'gnome-', 'LC_ADDRESS': 'ar_EG.UTF-8', 'GNOME_SETUP_DISPLAY': ':1', 'XDG_RUNTIME_DIR': '/run/user/1000', 'GDK_BACKEND': 'x11', 'DISPLAY': ':0', 'LOCPATH': '/snap/code/215/usr/lib/locale', 'VSCODE_DEBUGPY_ADAPTER_ENDPOINTS': '/home/basmala/.vscode/extensions/ms-python.debugpy-2025.16.0-linux-x64/.noConfigDebugAdapterEndpoints/endpoint-af7fd2ea1280fc9a.txt', 'LANG': 'en_US.UTF-8', 'XDG_CURRENT_DESKTOP': 'Unity', 'PYTHONSTARTUP': '/home/basmala/.config/Code/User/workspaceStorage/252af9e7590a177e2820818b062d5291/ms-python.python/pythonrc.py', 'LC_TELEPHONE': 'ar_EG.UTF-8', 'GIO_MODULE_DIR_VSCODE_SNAP_ORIG': '', 'XDG_DATA_HOME': '/home/basmala/snap/code/215/.local/share', 'XMODIFIERS': '@im=ibus', 'XDG_SESSION_DESKTOP': 'ubuntu', 'XAUTHORITY': '/run/user/1000/.mutter-Xwaylandauth.0AUVG3', 'LS_COLORS': 'rs=0:di=01;34:ln=01;36:mh=00:pi=40;33:so=01;35:do=01;35:bd=40;33;01:cd=40;33;01:or=40;31;01:mi=00:su=37;41:sg=30;43:ca=00:tw=30;42:ow=34;42:st=37;44:ex=01;32:*.tar=01;31:*.tgz=01;31:*.arc=01;31:*.arj=01;31:*.taz=01;31:*.lha=01;31:*.lz4=01;31:*.lzh=01;31:*.lzma=01;31:*.tlz=01;31:*.txz=01;31:*.tzo=01;31:*.t7z=01;31:*.zip=01;31:*.z=01;31:*.dz=01;31:*.gz=01;31:*.lrz=01;31:*.lz=01;31:*.lzo=01;31:*.xz=01;31:*.zst=01;31:*.tzst=01;31:*.bz2=01;31:*.bz=01;31:*.tbz=01;31:*.tbz2=01;31:*.tz=01;31:*.deb=01;31:*.rpm=01;31:*.jar=01;31:*.war=01;31:*.ear=01;31:*.sar=01;31:*.rar=01;31:*.alz=01;31:*.ace=01;31:*.zoo=01;31:*.cpio=01;31:*.7z=01;31:*.rz=01;31:*.cab=01;31:*.wim=01;31:*.swm=01;31:*.dwm=01;31:*.esd=01;31:*.avif=01;35:*.jpg=01;35:*.jpeg=01;35:*.mjpg=01;35:*.mjpeg=01;35:*.gif=01;35:*.bmp=01;35:*.pbm=01;35:*.pgm=01;35:*.ppm=01;35:*.tga=01;35:*.xbm=01;35:*.xpm=01;35:*.tif=01;35:*.tiff=01;35:*.png=01;35:*.svg=01;35:*.svgz=01;35:*.mng=01;35:*.pcx=01;35:*.mov=01;35:*.mpg=01;35:*.mpeg=01;35:*.m2v=01;35:*.mkv=01;35:*.webm=01;35:*.webp=01;35:*.ogm=01;35:*.mp4=01;35:*.m4v=01;35:*.mp4v=01;35:*.vob=01;35:*.qt=01;35:*.nuv=01;35:*.wmv=01;35:*.asf=01;35:*.rm=01;35:*.rmvb=01;35:*.flc=01;35:*.avi=01;35:*.fli=01;35:*.flv=01;35:*.gl=01;35:*.dl=01;35:*.xcf=01;35:*.xwd=01;35:*.yuv=01;35:*.cgm=01;35:*.emf=01;35:*.ogv=01;35:*.ogx=01;35:*.aac=00;36:*.au=00;36:*.flac=00;36:*.m4a=00;36:*.mid=00;36:*.midi=00;36:*.mka=00;36:*.mp3=00;36:*.mpc=00;36:*.ogg=00;36:*.ra=00;36:*.wav=00;36:*.oga=00;36:*.opus=00;36:*.spx=00;36:*.xspf=00;36:*~=00;90:*#=00;90:*.bak=00;90:*.crdownload=00;90:*.dpkg-dist=00;90:*.dpkg-new=00;90:*.dpkg-old=00;90:*.dpkg-tmp=00;90:*.old=00;90:*.orig=00;90:*.part=00;90:*.rej=00;90:*.rpmnew=00;90:*.rpmorig=00;90:*.rpmsave=00;90:*.swp=00;90:*.tmp=00;90:*.ucf-dist=00;90:*.ucf-new=00;90:*.ucf-old=00;90:', 'VSCODE_GIT_IPC_HANDLE': '/run/user/1000/vscode-git-2798b36409.sock', 'TERM_PROGRAM': 'vscode', 'SSH_AUTH_SOCK': '/run/user/1000/keyring/ssh', 'GSETTINGS_SCHEMA_DIR': '/home/basmala/snap/code/215/.local/share/glib-2.0/schemas', 'AMENT_PREFIX_PATH': '/home/basmala/ros2_ws/install/turtlesim_controller:/home/basmala/ros2_ws/install/first_package_python:/home/basmala/ros2_ws/install/first_package_cpp:/opt/ros/jazzy', 'ORIGINAL_XDG_CURRENT_DESKTOP': 'ubuntu:GNOME', 'SHELL': '/bin/bash', 'LC_NAME': 'ar_EG.UTF-8', 'QT_ACCESSIBILITY': '1', 'GDMSESSION': 'ubuntu', 'LESSCLOSE': '/usr/bin/lesspipe %s %s', 'GTK_PATH_VSCODE_SNAP_ORIG': '', 'FONTCONFIG_FILE': '/etc/fonts/fonts.conf', 'GTK_IM_MODULE_FILE_VSCODE_SNAP_ORIG': '', 'LC_MEASUREMENT': 'ar_EG.UTF-8', 'GJS_DEBUG_OUTPUT': 'stderr', 'LC_IDENTIFICATION': 'ar_EG.UTF-8', 'ROS_AUTOMATIC_DISCOVERY_RANGE': 'SUBNET', 'VSCODE_GIT_ASKPASS_EXTRA_ARGS': '', 'QT_IM_MODULE': 'ibus', 'PWD': '/home/basmala/ros2_ws/build/turtlesim_controller', 'XDG_CONFIG_DIRS': '/etc/xdg/xdg-ubuntu:/etc/xdg', 'XDG_DATA_DIRS': '/home/basmala/snap/code/215/.local/share:/home/basmala/snap/code/215:/snap/code/215/usr/share:/usr/share/ubuntu:/usr/share/gnome:/usr/local/share/:/usr/share/:/var/lib/snapd/desktop', 'PYTHONPATH': '/home/basmala/ros2_ws/install/first_package_python/lib/python3.12/site-packages:/opt/ros/jazzy/lib/python3.12/site-packages', 'LC_NUMERIC': 'ar_EG.UTF-8', 'LC_PAPER': 'ar_EG.UTF-8', 'COLCON': '1', 'MEMORY_PRESSURE_WRITE': 'c29tZSAyMDAwMDAgMjAwMDAwMAA=', 'CMAKE_PREFIX_PATH': '/home/basmala/ros2_ws/install/turtlesim_controller:/home/basmala/ros2_ws/install/first_package_cpp:/opt/ros/jazzy/opt/gz_math_vendor:/opt/ros/jazzy/opt/gz_utils_vendor:/opt/ros/jazzy/opt/gz_cmake_vendor:/home/basmala/ros2_ws/install/first_package_python:/opt/ros/jazzy'}), 'shell': False}
[0.099776] (-) TimerEvent: {}
[0.122189] (turtlesim_controller) StdoutLine: {'line': b'[ 50%] \x1b[32mBuilding CXX object CMakeFiles/turtle.dir/src/turtlesim_sub.cpp.o\x1b[0m\n'}
[0.199936] (-) TimerEvent: {}
[0.300466] (-) TimerEvent: {}
[0.400962] (-) TimerEvent: {}
[0.501446] (-) TimerEvent: {}
[0.601963] (-) TimerEvent: {}
[0.702417] (-) TimerEvent: {}
[0.803117] (-) TimerEvent: {}
[0.903597] (-) TimerEvent: {}
[1.004075] (-) TimerEvent: {}
[1.104550] (-) TimerEvent: {}
[1.205034] (-) TimerEvent: {}
[1.305529] (-) TimerEvent: {}
[1.405854] (-) TimerEvent: {}
[1.506275] (-) TimerEvent: {}
[1.606733] (-) TimerEvent: {}
[1.707028] (-) TimerEvent: {}
[1.807560] (-) TimerEvent: {}
[1.908022] (-) TimerEvent: {}
[2.008563] (-) TimerEvent: {}
[2.109006] (-) TimerEvent: {}
[2.209439] (-) TimerEvent: {}
[2.309869] (-) TimerEvent: {}
[2.410329] (-) TimerEvent: {}
[2.510801] (-) TimerEvent: {}
[2.555703] (turtlesim_controller) StderrLine: {'line': b'\x1b[01m\x1b[K/home/basmala/ros2_ws/turtlesim_controller/src/turtlesim_sub.cpp:15:35:\x1b[m\x1b[K \x1b[01;31m\x1b[Kerror: \x1b[m\x1b[K\xe2\x80\x98\x1b[01m\x1b[Kturtlesim\x1b[m\x1b[K\xe2\x80\x99 does not name a type\n'}
[2.555945] (turtlesim_controller) StderrLine: {'line': b'   15 |         void topic_callback(const \x1b[01;31m\x1b[Kturtlesim\x1b[m\x1b[K::msg::Pose::SharedPtr msg)\n'}
[2.556011] (turtlesim_controller) StderrLine: {'line': b'      |                                   \x1b[01;31m\x1b[K^~~~~~~~~\x1b[m\x1b[K\n'}
[2.556065] (turtlesim_controller) StderrLine: {'line': b'\x1b[01m\x1b[K/home/basmala/ros2_ws/turtlesim_controller/src/turtlesim_sub.cpp:15:49:\x1b[m\x1b[K \x1b[01;31m\x1b[Kerror: \x1b[m\x1b[Kexpected unqualified-id before \xe2\x80\x98\x1b[01m\x1b[K::\x1b[m\x1b[K\xe2\x80\x99 token\n'}
[2.556123] (turtlesim_controller) StderrLine: {'line': b'   15 |         void topic_callback(const turtlesim::msg\x1b[01;31m\x1b[K::\x1b[m\x1b[KPose::SharedPtr msg)\n'}
[2.556177] (turtlesim_controller) StderrLine: {'line': b'      |                                                 \x1b[01;31m\x1b[K^~\x1b[m\x1b[K\n'}
[2.556231] (turtlesim_controller) StderrLine: {'line': b'\x1b[01m\x1b[K/home/basmala/ros2_ws/turtlesim_controller/src/turtlesim_sub.cpp:15:49:\x1b[m\x1b[K \x1b[01;31m\x1b[Kerror: \x1b[m\x1b[Kexpected \xe2\x80\x98\x1b[01m\x1b[K)\x1b[m\x1b[K\xe2\x80\x99 before \xe2\x80\x98\x1b[01m\x1b[K::\x1b[m\x1b[K\xe2\x80\x99 token\n'}
[2.556296] (turtlesim_controller) StderrLine: {'line': b'   15 |         void topic_callback\x1b[34m\x1b[K(\x1b[m\x1b[Kconst turtlesim::msg\x1b[01;31m\x1b[K:\x1b[m\x1b[K\x1b[32m\x1b[K:\x1b[m\x1b[KPose::SharedPtr msg)\n'}
[2.556353] (turtlesim_controller) StderrLine: {'line': b'      |                            \x1b[34m\x1b[K~\x1b[m\x1b[K                    \x1b[01;31m\x1b[K^\x1b[m\x1b[K\x1b[32m\x1b[K~\x1b[m\x1b[K\n'}
[2.556404] (turtlesim_controller) StderrLine: {'line': b'      |                                                 \x1b[32m\x1b[K)\x1b[m\x1b[K\n'}
[2.556460] (turtlesim_controller) StderrLine: {'line': b'\x1b[01m\x1b[K/home/basmala/ros2_ws/turtlesim_controller/src/turtlesim_sub.cpp:15:46:\x1b[m\x1b[K \x1b[01;31m\x1b[Kerror: \x1b[m\x1b[Kexpected \xe2\x80\x98\x1b[01m\x1b[K;\x1b[m\x1b[K\xe2\x80\x99 at end of member declaration\n'}
[2.556513] (turtlesim_controller) StderrLine: {'line': b'   15 |         void topic_callback(const turtlesim::\x1b[01;31m\x1b[Kmsg\x1b[m\x1b[K::Pose::SharedPtr msg)\n'}
[2.556562] (turtlesim_controller) StderrLine: {'line': b'      |                                              \x1b[01;31m\x1b[K^~~\x1b[m\x1b[K\n'}
[2.556610] (turtlesim_controller) StderrLine: {'line': b'      |                                                 \x1b[32m\x1b[K;\x1b[m\x1b[K\n'}
[2.558357] (turtlesim_controller) StderrLine: {'line': b'\x1b[01m\x1b[K/home/basmala/ros2_ws/turtlesim_controller/src/turtlesim_sub.cpp:15:51:\x1b[m\x1b[K \x1b[01;31m\x1b[Kerror: \x1b[m\x1b[K\xe2\x80\x98\x1b[01m\x1b[KPose\x1b[m\x1b[K\xe2\x80\x99 in namespace \xe2\x80\x98\x1b[01m\x1b[K::\x1b[m\x1b[K\xe2\x80\x99 does not name a type\n'}
[2.558490] (turtlesim_controller) StderrLine: {'line': b'   15 |         void topic_callback(const turtlesim::msg::\x1b[01;31m\x1b[KPose\x1b[m\x1b[K::SharedPtr msg)\n'}
[2.558553] (turtlesim_controller) StderrLine: {'line': b'      |                                                   \x1b[01;31m\x1b[K^~~~\x1b[m\x1b[K\n'}
[2.565304] (turtlesim_controller) StderrLine: {'line': b'\x1b[01m\x1b[K/home/basmala/ros2_ws/turtlesim_controller/src/turtlesim_sub.cpp:19:30:\x1b[m\x1b[K \x1b[01;31m\x1b[Kerror: \x1b[m\x1b[K\xe2\x80\x98\x1b[01m\x1b[Kturtlesim\x1b[m\x1b[K\xe2\x80\x99 was not declared in this scope\n'}
[2.565471] (turtlesim_controller) StderrLine: {'line': b'   19 |         rclcpp::Subscription<\x1b[01;31m\x1b[Kturtlesim\x1b[m\x1b[K::msg::Pose>::SharedPtr subscription_;\n'}
[2.565543] (turtlesim_controller) StderrLine: {'line': b'      |                              \x1b[01;31m\x1b[K^~~~~~~~~\x1b[m\x1b[K\n'}
[2.565602] (turtlesim_controller) StderrLine: {'line': b'\x1b[01m\x1b[K/home/basmala/ros2_ws/turtlesim_controller/src/turtlesim_sub.cpp:19:50:\x1b[m\x1b[K \x1b[01;31m\x1b[Kerror: \x1b[m\x1b[Ktemplate argument 1 is invalid\n'}
[2.565663] (turtlesim_controller) StderrLine: {'line': b'   19 |         rclcpp::Subscription<turtlesim::msg::Pose\x1b[01;31m\x1b[K>\x1b[m\x1b[K::SharedPtr subscription_;\n'}
[2.565719] (turtlesim_controller) StderrLine: {'line': b'      |                                                  \x1b[01;31m\x1b[K^\x1b[m\x1b[K\n'}
[2.565774] (turtlesim_controller) StderrLine: {'line': b'\x1b[01m\x1b[K/home/basmala/ros2_ws/turtlesim_controller/src/turtlesim_sub.cpp:19:50:\x1b[m\x1b[K \x1b[01;31m\x1b[Kerror: \x1b[m\x1b[Ktemplate argument 3 is invalid\n'}
[2.565829] (turtlesim_controller) StderrLine: {'line': b'\x1b[01m\x1b[K/home/basmala/ros2_ws/turtlesim_controller/src/turtlesim_sub.cpp:19:50:\x1b[m\x1b[K \x1b[01;31m\x1b[Kerror: \x1b[m\x1b[Ktemplate argument 4 is invalid\n'}
[2.565883] (turtlesim_controller) StderrLine: {'line': b'\x1b[01m\x1b[K/home/basmala/ros2_ws/turtlesim_controller/src/turtlesim_sub.cpp:19:50:\x1b[m\x1b[K \x1b[01;31m\x1b[Kerror: \x1b[m\x1b[Ktemplate argument 5 is invalid\n'}
[2.565935] (turtlesim_controller) StderrLine: {'line': b'\x1b[01m\x1b[K/home/basmala/ros2_ws/turtlesim_controller/src/turtlesim_sub.cpp:19:53:\x1b[m\x1b[K \x1b[01;31m\x1b[Kerror: \x1b[m\x1b[Kexpected \xe2\x80\x98\x1b[01m\x1b[K;\x1b[m\x1b[K\xe2\x80\x99 at end of member declaration\n'}
[2.565987] (turtlesim_controller) StderrLine: {'line': b'   19 |         rclcpp::Subscription<turtlesim::msg::Pose>::\x1b[01;31m\x1b[KSharedPtr\x1b[m\x1b[K subscription_;\n'}
[2.566037] (turtlesim_controller) StderrLine: {'line': b'      |                                                     \x1b[01;31m\x1b[K^~~~~~~~~\x1b[m\x1b[K\n'}
[2.566089] (turtlesim_controller) StderrLine: {'line': b'      |                                                              \x1b[32m\x1b[K;\x1b[m\x1b[K\n'}
[2.567817] (turtlesim_controller) StderrLine: {'line': b'\x1b[01m\x1b[K/home/basmala/ros2_ws/turtlesim_controller/src/turtlesim_sub.cpp:19:63:\x1b[m\x1b[K \x1b[01;31m\x1b[Kerror: \x1b[m\x1b[K\xe2\x80\x98\x1b[01m\x1b[Ksubscription_\x1b[m\x1b[K\xe2\x80\x99 does not name a type; did you mean \xe2\x80\x98\x1b[01m\x1b[Krmw_subscription_t\x1b[m\x1b[K\xe2\x80\x99?\n'}
[2.567950] (turtlesim_controller) StderrLine: {'line': b'   19 |         rclcpp::Subscription<turtlesim::msg::Pose>::SharedPtr \x1b[01;31m\x1b[Ksubscription_\x1b[m\x1b[K;\n'}
[2.568014] (turtlesim_controller) StderrLine: {'line': b'      |                                                               \x1b[01;31m\x1b[K^~~~~~~~~~~~~\x1b[m\x1b[K\n'}
[2.568068] (turtlesim_controller) StderrLine: {'line': b'      |                                                               \x1b[32m\x1b[Krmw_subscription_t\x1b[m\x1b[K\n'}
[2.576454] (turtlesim_controller) StderrLine: {'line': b'\x1b[01m\x1b[K/home/basmala/ros2_ws/turtlesim_controller/src/turtlesim_sub.cpp:\x1b[m\x1b[K In constructor \xe2\x80\x98\x1b[01m\x1b[KMinimalSubscriber::\x1b[01;32m\x1b[KMinimalSubscriber\x1b[m\x1b[K()\x1b[m\x1b[K\xe2\x80\x99:\n'}
[2.576622] (turtlesim_controller) StderrLine: {'line': b'\x1b[01m\x1b[K/home/basmala/ros2_ws/turtlesim_controller/src/turtlesim_sub.cpp:12:9:\x1b[m\x1b[K \x1b[01;31m\x1b[Kerror: \x1b[m\x1b[K\xe2\x80\x98\x1b[01m\x1b[Ksubscription_\x1b[m\x1b[K\xe2\x80\x99 was not declared in this scope; did you mean \xe2\x80\x98\x1b[01m\x1b[Krmw_subscription_t\x1b[m\x1b[K\xe2\x80\x99?\n'}
[2.576687] (turtlesim_controller) StderrLine: {'line': b'   12 |         \x1b[01;31m\x1b[Ksubscription_\x1b[m\x1b[K = this -> create_subscription<turtlesim::msg::Pose>("turtle1/pose", 10, std::bind(&MinimalSubscriber::topic_callback, this, _1));\n'}
[2.576743] (turtlesim_controller) StderrLine: {'line': b'      |         \x1b[01;31m\x1b[K^~~~~~~~~~~~~\x1b[m\x1b[K\n'}
[2.576792] (turtlesim_controller) StderrLine: {'line': b'      |         \x1b[32m\x1b[Krmw_subscription_t\x1b[m\x1b[K\n'}
[2.582066] (turtlesim_controller) StderrLine: {'line': b'\x1b[01m\x1b[K/home/basmala/ros2_ws/turtlesim_controller/src/turtlesim_sub.cpp:12:53:\x1b[m\x1b[K \x1b[01;31m\x1b[Kerror: \x1b[m\x1b[K\xe2\x80\x98\x1b[01m\x1b[Kturtlesim\x1b[m\x1b[K\xe2\x80\x99 was not declared in this scope\n'}
[2.582186] (turtlesim_controller) StderrLine: {'line': b'   12 |         subscription_ = this -> create_subscription<\x1b[01;31m\x1b[Kturtlesim\x1b[m\x1b[K::msg::Pose>("turtle1/pose", 10, std::bind(&MinimalSubscriber::topic_callback, this, _1));\n'}
[2.582239] (turtlesim_controller) StderrLine: {'line': b'      |                                                     \x1b[01;31m\x1b[K^~~~~~~~~\x1b[m\x1b[K\n'}
[2.582298] (turtlesim_controller) StderrLine: {'line': b'\x1b[01m\x1b[K/home/basmala/ros2_ws/turtlesim_controller/src/turtlesim_sub.cpp:12:33:\x1b[m\x1b[K \x1b[01;31m\x1b[Kerror: \x1b[m\x1b[Kparse error in template argument list\n'}
[2.582356] (turtlesim_controller) StderrLine: {'line': b'   12 |         subscription_ = this -> \x1b[01;31m\x1b[Kcreate_subscription<turtlesim::msg::Pose>\x1b[m\x1b[K("turtle1/pose", 10, std::bind(&MinimalSubscriber::topic_callback, this, _1));\n'}
[2.582407] (turtlesim_controller) StderrLine: {'line': b'      |                                 \x1b[01;31m\x1b[K^~~~~~~~~~~~~~~~~~~~~~~~~~~~~~~~~~~~~~~~~\x1b[m\x1b[K\n'}
[2.586785] (turtlesim_controller) StderrLine: {'line': b'\x1b[01m\x1b[K/home/basmala/ros2_ws/turtlesim_controller/src/turtlesim_sub.cpp:12:74:\x1b[m\x1b[K \x1b[01;31m\x1b[Kerror: \x1b[m\x1b[Kno matching function for call to \xe2\x80\x98\x1b[01m\x1b[KMinimalSubscriber::create_subscription<<expression error> >(const char [13], int, std::_Bind_helper<false, void (MinimalSubscriber::*)(...), MinimalSubscriber*, const std::_Placeholder<1>&>::type)\x1b[m\x1b[K\xe2\x80\x99\n'}
[2.586895] (turtlesim_controller) StderrLine: {'line': b'   12 |         subscription_ = \x1b[01;31m\x1b[Kthis -> create_subscription<turtlesim::msg::Pose>("turtle1/pose", 10, std::bind(&MinimalSubscriber::topic_callback, this, _1))\x1b[m\x1b[K;\n'}
[2.586948] (turtlesim_controller) StderrLine: {'line': b'      |                         \x1b[01;31m\x1b[K~~~~~~~~~~~~~~~~~~~~~~~~~~~~~~~~~~~~~~~~~~~~~~~~~^~~~~~~~~~~~~~~~~~~~~~~~~~~~~~~~~~~~~~~~~~~~~~~~~~~~~~~~~~~~~~~~~~~~~~~~~~~~~\x1b[m\x1b[K\n'}
[2.587492] (turtlesim_controller) StderrLine: {'line': b'In file included from \x1b[01m\x1b[K/opt/ros/jazzy/include/rclcpp/rclcpp/executors/single_threaded_executor.hpp:28\x1b[m\x1b[K,\n'}
[2.587605] (turtlesim_controller) StderrLine: {'line': b'                 from \x1b[01m\x1b[K/opt/ros/jazzy/include/rclcpp/rclcpp/executors.hpp:22\x1b[m\x1b[K,\n'}
[2.587682] (turtlesim_controller) StderrLine: {'line': b'                 from \x1b[01m\x1b[K/opt/ros/jazzy/include/rclcpp/rclcpp/rclcpp.hpp:172\x1b[m\x1b[K,\n'}
[2.587733] (turtlesim_controller) StderrLine: {'line': b'                 from \x1b[01m\x1b[K/home/basmala/ros2_ws/turtlesim_controller/src/turtlesim_sub.cpp:1\x1b[m\x1b[K:\n'}
[2.587798] (turtlesim_controller) StderrLine: {'line': b'\x1b[01m\x1b[K/opt/ros/jazzy/include/rclcpp/rclcpp/node.hpp:221:3:\x1b[m\x1b[K \x1b[01;36m\x1b[Knote: \x1b[m\x1b[Kcandidate: \xe2\x80\x98\x1b[01m\x1b[Ktemplate<class MessageT, class CallbackT, class AllocatorT, class SubscriptionT, class MessageMemoryStrategyT> std::shared_ptr<ROSMessageT> rclcpp::Node::\x1b[01;32m\x1b[Kcreate_subscription\x1b[m\x1b[K(const std::string&, const rclcpp::QoS&, CallbackT&&, const rclcpp::SubscriptionOptionsWithAllocator<AllocatorT>&, typename MessageMemoryStrategyT::SharedPtr)\x1b[m\x1b[K\xe2\x80\x99\n'}
[2.587870] (turtlesim_controller) StderrLine: {'line': b'  221 |   \x1b[01;36m\x1b[Kcreate_subscription\x1b[m\x1b[K(\n'}
[2.587923] (turtlesim_controller) StderrLine: {'line': b'      |   \x1b[01;36m\x1b[K^~~~~~~~~~~~~~~~~~~\x1b[m\x1b[K\n'}
[2.588232] (turtlesim_controller) StderrLine: {'line': b'\x1b[01m\x1b[K/opt/ros/jazzy/include/rclcpp/rclcpp/node.hpp:221:3:\x1b[m\x1b[K \x1b[01;36m\x1b[Knote: \x1b[m\x1b[K  template argument deduction/substitution failed:\n'}
[2.588370] (turtlesim_controller) StderrLine: {'line': b'\x1b[01m\x1b[K/home/basmala/ros2_ws/turtlesim_controller/src/turtlesim_sub.cpp:12:74:\x1b[m\x1b[K \x1b[01;31m\x1b[Kerror: \x1b[m\x1b[Ktemplate argument 1 is invalid\n'}
[2.588430] (turtlesim_controller) StderrLine: {'line': b'   12 |         subscription_ = \x1b[01;31m\x1b[Kthis -> create_subscription<turtlesim::msg::Pose>("turtle1/pose", 10, std::bind(&MinimalSubscriber::topic_callback, this, _1))\x1b[m\x1b[K;\n'}
[2.588481] (turtlesim_controller) StderrLine: {'line': b'      |                         \x1b[01;31m\x1b[K~~~~~~~~~~~~~~~~~~~~~~~~~~~~~~~~~~~~~~~~~~~~~~~~~^~~~~~~~~~~~~~~~~~~~~~~~~~~~~~~~~~~~~~~~~~~~~~~~~~~~~~~~~~~~~~~~~~~~~~~~~~~~~\x1b[m\x1b[K\n'}
[2.611032] (-) TimerEvent: {}
[2.711319] (-) TimerEvent: {}
[2.811873] (-) TimerEvent: {}
[2.912385] (-) TimerEvent: {}
[3.012857] (-) TimerEvent: {}
[3.113360] (-) TimerEvent: {}
[3.190624] (turtlesim_controller) StderrLine: {'line': b'gmake[2]: *** [CMakeFiles/turtle.dir/build.make:76: CMakeFiles/turtle.dir/src/turtlesim_sub.cpp.o] Error 1\n'}
[3.190950] (turtlesim_controller) StderrLine: {'line': b'gmake[1]: *** [CMakeFiles/Makefile2:137: CMakeFiles/turtle.dir/all] Error 2\n'}
[3.191210] (turtlesim_controller) StderrLine: {'line': b'gmake: *** [Makefile:146: all] Error 2\n'}
[3.194157] (turtlesim_controller) CommandEnded: {'returncode': 2}
[3.211674] (turtlesim_controller) JobEnded: {'identifier': 'turtlesim_controller', 'rc': 2}
[3.213443] (-) TimerEvent: {}
[3.222537] (-) EventReactorShutdown: {}
